[Error - 7:52:46 PM] Server initialization failed.
TypeError: e is not iterable
	at c (/home/deabreu/.vscode-server/bin/7f329fe6c66b0f86ae1574c2911b681ad5a45d63/extensions/json-language-features/client/dist/node/jsonClientMain.js:2:1035483)
	at _ (/home/deabreu/.vscode-server/bin/7f329fe6c66b0f86ae1574c2911b681ad5a45d63/extensions/json-language-features/client/dist/node/jsonClientMain.js:2:1035692)
	at didChangeConfiguration (/home/deabreu/.vscode-server/bin/7f329fe6c66b0f86ae1574c2911b681ad5a45d63/extensions/json-language-features/client/dist/node/jsonClientMain.js:2:1038200)
	at t.SyncConfigurationFeature.onDidChangeConfiguration (/home/deabreu/.vscode-server/bin/7f329fe6c66b0f86ae1574c2911b681ad5a45d63/extensions/json-language-features/client/dist/node/jsonClientMain.js:2:811220)
	at t.SyncConfigurationFeature.register (/home/deabreu/.vscode-server/bin/7f329fe6c66b0f86ae1574c2911b681ad5a45d63/extensions/json-language-features/client/dist/node/jsonClientMain.js:2:810511)
	at t.SyncConfigurationFeature.initialize (/home/deabreu/.vscode-server/bin/7f329fe6c66b0f86ae1574c2911b681ad5a45d63/extensions/json-language-features/client/dist/node/jsonClientMain.js:2:810260)
	at x.initializeFeatures (/home/deabreu/.vscode-server/bin/7f329fe6c66b0f86ae1574c2911b681ad5a45d63/extensions/json-language-features/client/dist/node/jsonClientMain.js:2:785271)
	at x.doInitialize (/home/deabreu/.vscode-server/bin/7f329fe6c66b0f86ae1574c2911b681ad5a45d63/extensions/json-language-features/client/dist/node/jsonClientMain.js:2:772085)
	at async x.start (/home/deabreu/.vscode-server/bin/7f329fe6c66b0f86ae1574c2911b681ad5a45d63/extensions/json-language-features/client/dist/node/jsonClientMain.js:2:769100)
	at async t.startClient (/home/deabreu/.vscode-server/bin/7f329fe6c66b0f86ae1574c2911b681ad5a45d63/extensions/json-language-features/client/dist/node/jsonClientMain.js:2:1040218)
	at async e.activate (/home/deabreu/.vscode-server/bin/7f329fe6c66b0f86ae1574c2911b681ad5a45d63/extensions/json-language-features/client/dist/node/jsonClientMain.js:2:1055129)
	at async E.n (/home/deabreu/.vscode-server/bin/7f329fe6c66b0f86ae1574c2911b681ad5a45d63/out/vs/workbench/api/node/extensionHostProcess.js:97:6646)
	at async E.m (/home/deabreu/.vscode-server/bin/7f329fe6c66b0f86ae1574c2911b681ad5a45d63/out/vs/workbench/api/node/extensionHostProcess.js:97:6609)
	at async E.l (/home/deabreu/.vscode-server/bin/7f329fe6c66b0f86ae1574c2911b681ad5a45d63/out/vs/workbench/api/node/extensionHostProcess.js:97:6066)
[Error - 7:52:46 PM] JSON Language Server client: couldn't create connection to server.
TypeError: e is not iterable
	at c (/home/deabreu/.vscode-server/bin/7f329fe6c66b0f86ae1574c2911b681ad5a45d63/extensions/json-language-features/client/dist/node/jsonClientMain.js:2:1035483)
	at _ (/home/deabreu/.vscode-server/bin/7f329fe6c66b0f86ae1574c2911b681ad5a45d63/extensions/json-language-features/client/dist/node/jsonClientMain.js:2:1035692)
	at didChangeConfiguration (/home/deabreu/.vscode-server/bin/7f329fe6c66b0f86ae1574c2911b681ad5a45d63/extensions/json-language-features/client/dist/node/jsonClientMain.js:2:1038200)
	at t.SyncConfigurationFeature.onDidChangeConfiguration (/home/deabreu/.vscode-server/bin/7f329fe6c66b0f86ae1574c2911b681ad5a45d63/extensions/json-language-features/client/dist/node/jsonClientMain.js:2:811220)
	at t.SyncConfigurationFeature.register (/home/deabreu/.vscode-server/bin/7f329fe6c66b0f86ae1574c2911b681ad5a45d63/extensions/json-language-features/client/dist/node/jsonClientMain.js:2:810511)
	at t.SyncConfigurationFeature.initialize (/home/deabreu/.vscode-server/bin/7f329fe6c66b0f86ae1574c2911b681ad5a45d63/extensions/json-language-features/client/dist/node/jsonClientMain.js:2:810260)
	at x.initializeFeatures (/home/deabreu/.vscode-server/bin/7f329fe6c66b0f86ae1574c2911b681ad5a45d63/extensions/json-language-features/client/dist/node/jsonClientMain.js:2:785271)
	at x.doInitialize (/home/deabreu/.vscode-server/bin/7f329fe6c66b0f86ae1574c2911b681ad5a45d63/extensions/json-language-features/client/dist/node/jsonClientMain.js:2:772085)
	at async x.start (/home/deabreu/.vscode-server/bin/7f329fe6c66b0f86ae1574c2911b681ad5a45d63/extensions/json-language-features/client/dist/node/jsonClientMain.js:2:769100)
	at async t.startClient (/home/deabreu/.vscode-server/bin/7f329fe6c66b0f86ae1574c2911b681ad5a45d63/extensions/json-language-features/client/dist/node/jsonClientMain.js:2:1040218)
	at async e.activate (/home/deabreu/.vscode-server/bin/7f329fe6c66b0f86ae1574c2911b681ad5a45d63/extensions/json-language-features/client/dist/node/jsonClientMain.js:2:1055129)
	at async E.n (/home/deabreu/.vscode-server/bin/7f329fe6c66b0f86ae1574c2911b681ad5a45d63/out/vs/workbench/api/node/extensionHostProcess.js:97:6646)
	at async E.m (/home/deabreu/.vscode-server/bin/7f329fe6c66b0f86ae1574c2911b681ad5a45d63/out/vs/workbench/api/node/extensionHostProcess.js:97:6609)
	at async E.l (/home/deabreu/.vscode-server/bin/7f329fe6c66b0f86ae1574c2911b681ad5a45d63/out/vs/workbench/api/node/extensionHostProcess.js:97:6066)
[Error - 7:52:46 PM] Sending document notification textDocument/didOpen failed
TypeError: e is not iterable
	at c (/home/deabreu/.vscode-server/bin/7f329fe6c66b0f86ae1574c2911b681ad5a45d63/extensions/json-language-features/client/dist/node/jsonClientMain.js:2:1035483)
	at _ (/home/deabreu/.vscode-server/bin/7f329fe6c66b0f86ae1574c2911b681ad5a45d63/extensions/json-language-features/client/dist/node/jsonClientMain.js:2:1035692)
	at didChangeConfiguration (/home/deabreu/.vscode-server/bin/7f329fe6c66b0f86ae1574c2911b681ad5a45d63/extensions/json-language-features/client/dist/node/jsonClientMain.js:2:1038200)
	at t.SyncConfigurationFeature.onDidChangeConfiguration (/home/deabreu/.vscode-server/bin/7f329fe6c66b0f86ae1574c2911b681ad5a45d63/extensions/json-language-features/client/dist/node/jsonClientMain.js:2:811220)
	at t.SyncConfigurationFeature.register (/home/deabreu/.vscode-server/bin/7f329fe6c66b0f86ae1574c2911b681ad5a45d63/extensions/json-language-features/client/dist/node/jsonClientMain.js:2:810511)
	at t.SyncConfigurationFeature.initialize (/home/deabreu/.vscode-server/bin/7f329fe6c66b0f86ae1574c2911b681ad5a45d63/extensions/json-language-features/client/dist/node/jsonClientMain.js:2:810260)
	at x.initializeFeatures (/home/deabreu/.vscode-server/bin/7f329fe6c66b0f86ae1574c2911b681ad5a45d63/extensions/json-language-features/client/dist/node/jsonClientMain.js:2:785271)
	at x.doInitialize (/home/deabreu/.vscode-server/bin/7f329fe6c66b0f86ae1574c2911b681ad5a45d63/extensions/json-language-features/client/dist/node/jsonClientMain.js:2:772085)
	at async x.start (/home/deabreu/.vscode-server/bin/7f329fe6c66b0f86ae1574c2911b681ad5a45d63/extensions/json-language-features/client/dist/node/jsonClientMain.js:2:769100)
	at async t.startClient (/home/deabreu/.vscode-server/bin/7f329fe6c66b0f86ae1574c2911b681ad5a45d63/extensions/json-language-features/client/dist/node/jsonClientMain.js:2:1040218)
	at async e.activate (/home/deabreu/.vscode-server/bin/7f329fe6c66b0f86ae1574c2911b681ad5a45d63/extensions/json-language-features/client/dist/node/jsonClientMain.js:2:1055129)
	at async E.n (/home/deabreu/.vscode-server/bin/7f329fe6c66b0f86ae1574c2911b681ad5a45d63/out/vs/workbench/api/node/extensionHostProcess.js:97:6646)
	at async E.m (/home/deabreu/.vscode-server/bin/7f329fe6c66b0f86ae1574c2911b681ad5a45d63/out/vs/workbench/api/node/extensionHostProcess.js:97:6609)
	at async E.l (/home/deabreu/.vscode-server/bin/7f329fe6c66b0f86ae1574c2911b681ad5a45d63/out/vs/workbench/api/node/extensionHostProcess.js:97:6066)
